modules-ui/common/build/outputs/logs/manifest-merger-debug-report.txt
-- Merging decision tree log ---
manifest
ADDED from ProcessLibraryManifest/debug/tempAndroidManifest11616423431409230715.xml:2:13-83
INJECTED from ProcessLibraryManifest/debug/tempAndroidManifest11616423431409230715.xml:2:13-83
	package
		INJECTED from ProcessLibraryManifest/debug/tempAndroidManifest11616423431409230715.xml
	xmlns:android
		ADDED from ProcessLibraryManifest/debug/tempAndroidManifest11616423431409230715.xml:2:23-81
uses-sdk
INJECTED from ProcessLibraryManifest/debug/tempAndroidManifest11616423431409230715.xml reason: use-sdk injection requested
INJECTED from ProcessLibraryManifest/debug/tempAndroidManifest11616423431409230715.xml
INJECTED from ProcessLibraryManifest/debug/tempAndroidManifest11616423431409230715.xml
	android:targetSdkVersion
		INJECTED from ProcessLibraryManifest/debug/tempAndroidManifest11616423431409230715.xml
	android:minSdkVersion
		INJECTED from ProcessLibraryManifest/debug/tempAndroidManifest11616423431409230715.xml